<?xml version="1.0" encoding="UTF-8"?>
<testsuite name="lee.high.stream.HighStreamTest" tests="1" skipped="0" failures="0" errors="0" timestamp="2020-07-06T06:02:44" hostname="AD01407541.local" time="0.315">
  <properties/>
  <testcase name="테스트" classname="lee.high.stream.HighStreamTest" time="0.315"/>
  <system-out><![CDATA[Topology info = Topologies:
   Sub-topology: 0
    Source: KSTREAM-SOURCE-0000000000 (topics: [test-topic])
      --> KSTREAM-KEY-SELECT-0000000001
    Processor: KSTREAM-KEY-SELECT-0000000001 (stores: [])
      --> KSTREAM-FILTER-0000000004
      <-- KSTREAM-SOURCE-0000000000
    Processor: KSTREAM-FILTER-0000000004 (stores: [])
      --> KSTREAM-SINK-0000000003
      <-- KSTREAM-KEY-SELECT-0000000001
    Sink: KSTREAM-SINK-0000000003 (topic: test-topic-store-repartition)
      <-- KSTREAM-FILTER-0000000004

  Sub-topology: 1
    Source: KSTREAM-SOURCE-0000000005 (topics: [test-topic-store-repartition])
      --> KSTREAM-AGGREGATE-0000000002
    Processor: KSTREAM-AGGREGATE-0000000002 (stores: [test-topic-store])
      --> test-topic-suppress
      <-- KSTREAM-SOURCE-0000000005
    Processor: test-topic-suppress (stores: [test-topic-suppress-store])
      --> KTABLE-TOSTREAM-0000000006
      <-- KSTREAM-AGGREGATE-0000000002
    Processor: KTABLE-TOSTREAM-0000000006 (stores: [])
      --> KSTREAM-SINK-0000000007
      <-- test-topic-suppress
    Sink: KSTREAM-SINK-0000000007 (topic: test-out)
      <-- KTABLE-TOSTREAM-0000000006


]]></system-out>
  <system-err><![CDATA[SLF4J: Failed to load class "org.slf4j.impl.StaticLoggerBinder".
SLF4J: Defaulting to no-operation (NOP) logger implementation
SLF4J: See http://www.slf4j.org/codes.html#StaticLoggerBinder for further details.
]]></system-err>
</testsuite>
